[    65.019] 
X.Org X Server 1.21.1.15
X Protocol Version 11, Revision 0
[    65.019] Current Operating System: Linux Linnie 6.12.10-arch1-1 #1 SMP PREEMPT_DYNAMIC Sat, 18 Jan 2025 02:26:57 +0000 x86_64
[    65.019] Kernel command line: BOOT_IMAGE=/boot/vmlinuz-linux root=UUID=d49777c2-194c-4e84-baf6-509b8c35d770 rw loglevel=3 quiet
[    65.019]  
[    65.019] Current version of pixman: 0.44.2
[    65.019] 	Before reporting problems, check http://wiki.x.org
	to make sure that you have the latest version.
[    65.019] Markers: (--) probed, (**) from config file, (==) default setting,
	(++) from command line, (!!) notice, (II) informational,
	(WW) warning, (EE) error, (NI) not implemented, (??) unknown.
[    65.020] (==) Log file: "/var/log/Xorg.0.log", Time: Wed Jan 22 17:55:11 2025
[    65.021] (==) Using system config directory "/usr/share/X11/xorg.conf.d"
[    65.021] (==) No Layout section.  Using the first Screen section.
[    65.021] (==) No screen section available. Using defaults.
[    65.021] (**) |-->Screen "Default Screen Section" (0)
[    65.021] (**) |   |-->Monitor "<default monitor>"
[    65.021] (==) No monitor specified for screen "Default Screen Section".
	Using a default monitor configuration.
[    65.021] (**) Allowing byte-swapped clients
[    65.021] (==) Automatically adding devices
[    65.021] (==) Automatically enabling devices
[    65.021] (==) Automatically adding GPU devices
[    65.021] (==) Automatically binding GPU devices
[    65.021] (==) Max clients allowed: 256, resource mask: 0x1fffff
[    65.021] (WW) The directory "/usr/share/fonts/misc" does not exist.
[    65.021] 	Entry deleted from font path.
[    65.021] (WW) The directory "/usr/share/fonts/TTF" does not exist.
[    65.021] 	Entry deleted from font path.
[    65.021] (WW) The directory "/usr/share/fonts/OTF" does not exist.
[    65.021] 	Entry deleted from font path.
[    65.021] (WW) The directory "/usr/share/fonts/Type1" does not exist.
[    65.021] 	Entry deleted from font path.
[    65.022] (==) FontPath set to:
	/usr/share/fonts/100dpi,
	/usr/share/fonts/75dpi
[    65.022] (==) ModulePath set to "/usr/lib/xorg/modules"
[    65.022] (II) The server relies on udev to provide the list of input devices.
	If no devices become available, reconfigure udev or disable AutoAddDevices.
[    65.022] (II) Module ABI versions:
[    65.022] 	X.Org ANSI C Emulation: 0.4
[    65.022] 	X.Org Video Driver: 25.2
[    65.022] 	X.Org XInput driver : 24.4
[    65.022] 	X.Org Server Extension : 10.0
[    65.022] (++) using VT number 1

[    65.023] (II) systemd-logind: took control of session /org/freedesktop/login1/session/_31
[    65.024] (II) xfree86: Adding drm device (/dev/dri/card1)
[    65.024] (II) Platform probe for /sys/devices/pci0000:00/0000:00:02.0/drm/card1
[    65.024] (II) systemd-logind: got fd for /dev/dri/card1 226:1 fd 13 paused 0
[    65.027] (--) PCI:*(0@0:2:0) 8086:46a6:17aa:22e7 rev 12, Mem @ 0x603c000000/16777216, 0x4000000000/536870912, I/O @ 0x00002000/64, BIOS @ 0x????????/131072
[    65.027] (WW) Open ACPI failed (/var/run/acpid.socket) (No such file or directory)
[    65.027] (II) LoadModule: "glx"
[    65.027] (II) Loading /usr/lib/xorg/modules/extensions/libglx.so
[    65.030] (II) Module glx: vendor="X.Org Foundation"
[    65.030] 	compiled for 1.21.1.15, module version = 1.0.0
[    65.030] 	ABI class: X.Org Server Extension, version 10.0
[    65.030] (==) Matched intel as autoconfigured driver 0
[    65.030] (==) Matched modesetting as autoconfigured driver 1
[    65.030] (==) Matched fbdev as autoconfigured driver 2
[    65.030] (==) Matched vesa as autoconfigured driver 3
[    65.030] (==) Assigned the driver to the xf86ConfigLayout
[    65.030] (II) LoadModule: "intel"
[    65.030] (II) Loading /usr/lib/xorg/modules/drivers/intel_drv.so
[    65.031] (II) Module intel: vendor="X.Org Foundation"
[    65.031] 	compiled for 1.21.1.11, module version = 2.99.917
[    65.031] 	Module class: X.Org Video Driver
[    65.031] 	ABI class: X.Org Video Driver, version 25.2
[    65.031] (II) LoadModule: "modesetting"
[    65.031] (II) Loading /usr/lib/xorg/modules/drivers/modesetting_drv.so
[    65.032] (II) Module modesetting: vendor="X.Org Foundation"
[    65.032] 	compiled for 1.21.1.15, module version = 1.21.1
[    65.032] 	Module class: X.Org Video Driver
[    65.032] 	ABI class: X.Org Video Driver, version 25.2
[    65.032] (II) LoadModule: "fbdev"
[    65.032] (WW) Warning, couldn't open module fbdev
[    65.032] (EE) Failed to load module "fbdev" (module does not exist, 0)
[    65.032] (II) LoadModule: "vesa"
[    65.032] (II) Loading /usr/lib/xorg/modules/drivers/vesa_drv.so
[    65.033] (II) Module vesa: vendor="X.Org Foundation"
[    65.033] 	compiled for 1.21.1.11, module version = 2.6.0
[    65.033] 	Module class: X.Org Video Driver
[    65.033] 	ABI class: X.Org Video Driver, version 25.2
[    65.033] (II) intel: Driver for Intel(R) Integrated Graphics Chipsets:
	i810, i810-dc100, i810e, i815, i830M, 845G, 854, 852GM/855GM, 865G,
	915G, E7221 (i915), 915GM, 945G, 945GM, 945GME, Pineview GM,
	Pineview G, 965G, G35, 965Q, 946GZ, 965GM, 965GME/GLE, G33, Q35, Q33,
	GM45, 4 Series, G45/G43, Q45/Q43, G41, B43
[    65.033] (II) intel: Driver for Intel(R) HD Graphics
[    65.033] (II) intel: Driver for Intel(R) Iris(TM) Graphics
[    65.033] (II) intel: Driver for Intel(R) Iris(TM) Pro Graphics
[    65.033] (II) modesetting: Driver for Modesetting Kernel Drivers: kms
[    65.033] (II) VESA: driver for VESA chipsets: vesa
[    65.033] (II) intel(0): Using Kernel Mode Setting driver: i915, version 1.6.0 0
[    65.033] (II) intel(0): SNA compiled from 2.99.917-923-gb74b67f0
[    65.034] (WW) Falling back to old probe method for modesetting
[    65.034] (EE) open /dev/dri/card0: No such file or directory
[    65.035] (WW) intel(0): Unknown chipset
[    65.035] (--) intel(0): CPU: x86-64, sse2, sse3, ssse3, sse4.1, sse4.2, avx, avx2; using a maximum of 14 threads
[    65.035] (II) intel(0): Creating default Display subsection in Screen section
	"Default Screen Section" for depth/fbbpp 24/32
[    65.035] (==) intel(0): Depth 24, (--) framebuffer bpp 32
[    65.035] (==) intel(0): RGB weight 888
[    65.035] (==) intel(0): Default visual is TrueColor
[    65.036] (II) intel(0): Output eDP1 has no monitor section
[    65.036] (**) intel(0): Found backlight control interface intel_backlight (type 'raw') for output eDP1
[    65.036] (II) intel(0): Enabled output eDP1
[    65.036] (II) intel(0): Output HDMI1 has no monitor section
[    65.036] (II) intel(0): Enabled output HDMI1
[    65.036] (II) intel(0): Output DP1 has no monitor section
[    65.036] (II) intel(0): Enabled output DP1
[    65.036] (II) intel(0): Output DP2 has no monitor section
[    65.036] (II) intel(0): Enabled output DP2
[    65.036] (II) intel(0): Output DP3 has no monitor section
[    65.036] (II) intel(0): Enabled output DP3
[    65.036] (II) intel(0): Output DP4 has no monitor section
[    65.037] (II) intel(0): Enabled output DP4
[    65.037] (--) intel(0): Using a maximum size of 256x256 for hardware cursors
[    65.037] (II) intel(0): Output VIRTUAL1 has no monitor section
[    65.037] (II) intel(0): Enabled output VIRTUAL1
[    65.037] (--) intel(0): Output eDP1 using initial mode 2880x1800 on pipe 0
[    65.037] (==) intel(0): TearFree enabled
[    65.037] (==) intel(0): Using gamma correction (1.0, 1.0, 1.0)
[    65.037] (==) intel(0): DPI set to (96, 96)
[    65.037] (II) Loading sub module "dri3"
[    65.037] (II) LoadModule: "dri3"
[    65.037] (II) Module "dri3" already built-in
[    65.037] (II) Loading sub module "dri2"
[    65.037] (II) LoadModule: "dri2"
[    65.037] (II) Module "dri2" already built-in
[    65.037] (II) Loading sub module "present"
[    65.037] (II) LoadModule: "present"
[    65.037] (II) Module "present" already built-in
[    65.037] (II) UnloadModule: "modesetting"
[    65.037] (II) Unloading modesetting
[    65.037] (II) UnloadModule: "vesa"
[    65.037] (II) Unloading vesa
[    65.037] (II) intel(0): SNA initialized with generic backend
[    65.037] (==) intel(0): Backing store enabled
[    65.037] (==) intel(0): Silken mouse enabled
[    65.037] (II) intel(0): HW Cursor enabled
[    65.038] (==) intel(0): DPMS enabled
[    65.038] (==) intel(0): Display hotplug detection enabled
[    65.038] (II) intel(0): Textured video not supported on this hardware or backend
[    65.038] (II) intel(0): [DRI2] Setup complete
[    65.038] (II) intel(0): [DRI2]   DRI driver: i965
[    65.038] (II) intel(0): [DRI2]   VDPAU driver: va_gl
[    65.038] (II) intel(0): direct rendering: DRI2 DRI3 enabled
[    65.038] (II) intel(0): hardware support for Present enabled
[    65.038] (II) Initializing extension Generic Event Extension
[    65.038] (II) Initializing extension SHAPE
[    65.038] (II) Initializing extension MIT-SHM
[    65.038] (II) Initializing extension XInputExtension
[    65.038] (II) Initializing extension XTEST
[    65.039] (II) Initializing extension BIG-REQUESTS
[    65.039] (II) Initializing extension SYNC
[    65.039] (II) Initializing extension XKEYBOARD
[    65.039] (II) Initializing extension XC-MISC
[    65.039] (II) Initializing extension SECURITY
[    65.039] (II) Initializing extension XFIXES
[    65.039] (II) Initializing extension RENDER
[    65.039] (II) Initializing extension RANDR
[    65.039] (II) Initializing extension COMPOSITE
[    65.039] (II) Initializing extension DAMAGE
[    65.040] (II) Initializing extension MIT-SCREEN-SAVER
[    65.040] (II) Initializing extension DOUBLE-BUFFER
[    65.040] (II) Initializing extension RECORD
[    65.040] (II) Initializing extension DPMS
[    65.040] (II) Initializing extension Present
[    65.040] (II) Initializing extension DRI3
[    65.040] (II) Initializing extension X-Resource
[    65.040] (II) Initializing extension XVideo
[    65.040] (II) Initializing extension XVideo-MotionCompensation
[    65.040] (II) Initializing extension GLX
[    65.040] (EE) AIGLX error: dlopen of /usr/lib/dri/i965_dri.so failed (/usr/lib/dri/i965_dri.so: cannot open shared object file: No such file or directory)
[    65.040] (EE) AIGLX error: unable to load driver i965
[    65.107] (II) IGLX: Loaded and initialized swrast
[    65.107] (II) GLX: Initialized DRISWRAST GL provider for screen 0
[    65.107] (II) Initializing extension XFree86-VidModeExtension
[    65.108] (II) Initializing extension XFree86-DGA
[    65.108] (II) Initializing extension XFree86-DRI
[    65.108] (II) Initializing extension DRI2
[    65.113] (EE) intel(0): Failed to submit rendering commands (Invalid argument), disabling acceleration.
[    65.113] (II) intel(0): switch to mode 2880x1800@90.0 on eDP1 using pipe 0, position (0, 0), rotation normal, reflection none
[    65.128] (II) intel(0): Setting screen physical size to 762 x 476
[    65.185] (II) config/udev: Adding input device Video Bus (/dev/input/event5)
[    65.185] (**) Video Bus: Applying InputClass "libinput keyboard catchall"
[    65.185] (II) LoadModule: "libinput"
[    65.185] (II) Loading /usr/lib/xorg/modules/input/libinput_drv.so
[    65.187] (II) Module libinput: vendor="X.Org Foundation"
[    65.187] 	compiled for 1.21.1.13, module version = 1.5.0
[    65.187] 	Module class: X.Org XInput Driver
[    65.187] 	ABI class: X.Org XInput driver, version 24.4
[    65.187] (II) Using input driver 'libinput' for 'Video Bus'
[    65.188] (II) systemd-logind: got fd for /dev/input/event5 13:69 fd 26 paused 0
[    65.188] (**) Video Bus: always reports core events
[    65.188] (**) Option "Device" "/dev/input/event5"
[    65.194] (II) event5  - Video Bus: is tagged by udev as: Keyboard
[    65.194] (II) event5  - Video Bus: device is a keyboard
[    65.194] (II) event5  - Video Bus: device removed
[    65.194] (**) Option "config_info" "udev:/sys/devices/LNXSYSTM:00/LNXSYBUS:00/PNP0A08:00/LNXVIDEO:00/input/input6/event5"
[    65.194] (II) XINPUT: Adding extended input device "Video Bus" (type: KEYBOARD, id 6)
[    65.195] (II) event5  - Video Bus: is tagged by udev as: Keyboard
[    65.195] (II) event5  - Video Bus: device is a keyboard
[    65.195] (II) config/udev: Adding input device Power Button (/dev/input/event2)
[    65.195] (**) Power Button: Applying InputClass "libinput keyboard catchall"
[    65.195] (II) Using input driver 'libinput' for 'Power Button'
[    65.195] (II) systemd-logind: got fd for /dev/input/event2 13:66 fd 29 paused 0
[    65.196] (**) Power Button: always reports core events
[    65.196] (**) Option "Device" "/dev/input/event2"
[    65.196] (II) event2  - Power Button: is tagged by udev as: Keyboard
[    65.196] (II) event2  - Power Button: device is a keyboard
[    65.196] (II) event2  - Power Button: device removed
[    65.196] (**) Option "config_info" "udev:/sys/devices/LNXSYSTM:00/LNXSYBUS:00/PNP0C0C:00/input/input2/event2"
[    65.196] (II) XINPUT: Adding extended input device "Power Button" (type: KEYBOARD, id 7)
[    65.197] (II) event2  - Power Button: is tagged by udev as: Keyboard
[    65.197] (II) event2  - Power Button: device is a keyboard
[    65.197] (II) config/udev: Adding input device Lid Switch (/dev/input/event1)
[    65.197] (II) No input driver specified, ignoring this device.
[    65.197] (II) This device may have been added with another device file.
[    65.197] (II) config/udev: Adding input device Sleep Button (/dev/input/event0)
[    65.197] (**) Sleep Button: Applying InputClass "libinput keyboard catchall"
[    65.197] (II) Using input driver 'libinput' for 'Sleep Button'
[    65.198] (II) systemd-logind: got fd for /dev/input/event0 13:64 fd 30 paused 0
[    65.198] (**) Sleep Button: always reports core events
[    65.198] (**) Option "Device" "/dev/input/event0"
[    65.198] (II) event0  - Sleep Button: is tagged by udev as: Keyboard
[    65.198] (II) event0  - Sleep Button: device is a keyboard
[    65.198] (II) event0  - Sleep Button: device removed
[    65.198] (**) Option "config_info" "udev:/sys/devices/LNXSYSTM:00/LNXSYBUS:00/PNP0C0E:00/input/input0/event0"
[    65.198] (II) XINPUT: Adding extended input device "Sleep Button" (type: KEYBOARD, id 8)
[    65.199] (II) event0  - Sleep Button: is tagged by udev as: Keyboard
[    65.199] (II) event0  - Sleep Button: device is a keyboard
[    65.200] (II) config/udev: Adding input device Generic USB Audio Consumer Control (/dev/input/event8)
[    65.200] (**) Generic USB Audio Consumer Control: Applying InputClass "libinput keyboard catchall"
[    65.200] (II) Using input driver 'libinput' for 'Generic USB Audio Consumer Control'
[    65.201] (II) systemd-logind: got fd for /dev/input/event8 13:72 fd 31 paused 0
[    65.201] (**) Generic USB Audio Consumer Control: always reports core events
[    65.201] (**) Option "Device" "/dev/input/event8"
[    65.202] (II) event8  - Generic USB Audio Consumer Control: is tagged by udev as: Keyboard
[    65.202] (II) event8  - Generic USB Audio Consumer Control: device is a keyboard
[    65.202] (II) event8  - Generic USB Audio Consumer Control: device removed
[    65.202] (**) Option "config_info" "udev:/sys/devices/pci0000:00/0000:00:14.0/usb3/3-3/3-3.4/3-3.4.2/3-3.4.2:1.0/0003:0BDA:4EF0.0001/input/input10/event8"
[    65.202] (II) XINPUT: Adding extended input device "Generic USB Audio Consumer Control" (type: KEYBOARD, id 9)
[    65.203] (II) event8  - Generic USB Audio Consumer Control: is tagged by udev as: Keyboard
[    65.203] (II) event8  - Generic USB Audio Consumer Control: device is a keyboard
[    65.204] (II) config/udev: Adding input device Generic USB Audio (/dev/input/event9)
[    65.204] (**) Generic USB Audio: Applying InputClass "libinput keyboard catchall"
[    65.204] (II) Using input driver 'libinput' for 'Generic USB Audio'
[    65.204] (II) systemd-logind: got fd for /dev/input/event9 13:73 fd 32 paused 0
[    65.204] (**) Generic USB Audio: always reports core events
[    65.204] (**) Option "Device" "/dev/input/event9"
[    65.205] (II) event9  - Generic USB Audio: is tagged by udev as: Keyboard
[    65.205] (II) event9  - Generic USB Audio: device is a keyboard
[    65.205] (II) event9  - Generic USB Audio: device removed
[    65.205] (**) Option "config_info" "udev:/sys/devices/pci0000:00/0000:00:14.0/usb3/3-3/3-3.4/3-3.4.2/3-3.4.2:1.0/0003:0BDA:4EF0.0001/input/input11/event9"
[    65.205] (II) XINPUT: Adding extended input device "Generic USB Audio" (type: KEYBOARD, id 10)
[    65.206] (II) event9  - Generic USB Audio: is tagged by udev as: Keyboard
[    65.207] (II) event9  - Generic USB Audio: device is a keyboard
[    65.207] (II) config/udev: Adding input device ELAN067B:00 04F3:31F8 Mouse (/dev/input/event16)
[    65.207] (**) ELAN067B:00 04F3:31F8 Mouse: Applying InputClass "libinput pointer catchall"
[    65.207] (II) Using input driver 'libinput' for 'ELAN067B:00 04F3:31F8 Mouse'
[    65.208] (II) systemd-logind: got fd for /dev/input/event16 13:80 fd 33 paused 0
[    65.208] (**) ELAN067B:00 04F3:31F8 Mouse: always reports core events
[    65.208] (**) Option "Device" "/dev/input/event16"
[    65.208] (II) event16 - ELAN067B:00 04F3:31F8 Mouse: is tagged by udev as: Mouse Pointingstick
[    65.209] (II) event16 - ELAN067B:00 04F3:31F8 Mouse: device is a pointer
[    65.209] (II) event16 - ELAN067B:00 04F3:31F8 Mouse: device removed
[    65.209] (II) libinput: ELAN067B:00 04F3:31F8 Mouse: Step value 0 was provided, libinput Fallback acceleration function is used.
[    65.209] (II) libinput: ELAN067B:00 04F3:31F8 Mouse: Step value 0 was provided, libinput Fallback acceleration function is used.
[    65.209] (II) libinput: ELAN067B:00 04F3:31F8 Mouse: Step value 0 was provided, libinput Fallback acceleration function is used.
[    65.209] (**) Option "config_info" "udev:/sys/devices/pci0000:00/0000:00:15.0/i2c_designware.0/i2c-15/i2c-ELAN067B:00/0018:04F3:31F8.0002/input/input20/event16"
[    65.209] (II) XINPUT: Adding extended input device "ELAN067B:00 04F3:31F8 Mouse" (type: MOUSE, id 11)
[    65.209] (**) Option "AccelerationScheme" "none"
[    65.209] (**) ELAN067B:00 04F3:31F8 Mouse: (accel) selected scheme none/0
[    65.209] (**) ELAN067B:00 04F3:31F8 Mouse: (accel) acceleration factor: 2.000
[    65.209] (**) ELAN067B:00 04F3:31F8 Mouse: (accel) acceleration threshold: 4
[    65.210] (II) event16 - ELAN067B:00 04F3:31F8 Mouse: is tagged by udev as: Mouse Pointingstick
[    65.210] (II) event16 - ELAN067B:00 04F3:31F8 Mouse: device is a pointer
[    65.211] (II) config/udev: Adding input device ELAN067B:00 04F3:31F8 Mouse (/dev/input/mouse1)
[    65.211] (II) No input driver specified, ignoring this device.
[    65.211] (II) This device may have been added with another device file.
[    65.211] (II) config/udev: Adding input device ELAN067B:00 04F3:31F8 Touchpad (/dev/input/event17)
[    65.211] (**) ELAN067B:00 04F3:31F8 Touchpad: Applying InputClass "libinput touchpad catchall"
[    65.211] (II) Using input driver 'libinput' for 'ELAN067B:00 04F3:31F8 Touchpad'
[    65.212] (II) systemd-logind: got fd for /dev/input/event17 13:81 fd 34 paused 0
[    65.212] (**) ELAN067B:00 04F3:31F8 Touchpad: always reports core events
[    65.212] (**) Option "Device" "/dev/input/event17"
[    65.212] (II) event17 - ELAN067B:00 04F3:31F8 Touchpad: is tagged by udev as: Touchpad
[    65.214] (II) event17 - ELAN067B:00 04F3:31F8 Touchpad: device is a touchpad
[    65.214] (II) event17 - ELAN067B:00 04F3:31F8 Touchpad: device removed
[    65.214] (II) libinput: ELAN067B:00 04F3:31F8 Touchpad: Step value 0 was provided, libinput Fallback acceleration function is used.
[    65.214] (II) libinput: ELAN067B:00 04F3:31F8 Touchpad: Step value 0 was provided, libinput Fallback acceleration function is used.
[    65.214] (II) libinput: ELAN067B:00 04F3:31F8 Touchpad: Step value 0 was provided, libinput Fallback acceleration function is used.
[    65.214] (**) Option "config_info" "udev:/sys/devices/pci0000:00/0000:00:15.0/i2c_designware.0/i2c-15/i2c-ELAN067B:00/0018:04F3:31F8.0002/input/input22/event17"
[    65.214] (II) XINPUT: Adding extended input device "ELAN067B:00 04F3:31F8 Touchpad" (type: TOUCHPAD, id 12)
[    65.215] (**) Option "AccelerationScheme" "none"
[    65.215] (**) ELAN067B:00 04F3:31F8 Touchpad: (accel) selected scheme none/0
[    65.215] (**) ELAN067B:00 04F3:31F8 Touchpad: (accel) acceleration factor: 2.000
[    65.215] (**) ELAN067B:00 04F3:31F8 Touchpad: (accel) acceleration threshold: 4
[    65.216] (II) event17 - ELAN067B:00 04F3:31F8 Touchpad: is tagged by udev as: Touchpad
[    65.217] (II) event17 - ELAN067B:00 04F3:31F8 Touchpad: device is a touchpad
[    65.218] (II) config/udev: Adding input device ELAN067B:00 04F3:31F8 Touchpad (/dev/input/mouse2)
[    65.218] (II) No input driver specified, ignoring this device.
[    65.218] (II) This device may have been added with another device file.
[    65.218] (II) config/udev: Adding input device HDA Intel PCH Headphone (/dev/input/event11)
[    65.218] (II) No input driver specified, ignoring this device.
[    65.218] (II) This device may have been added with another device file.
[    65.218] (II) config/udev: Adding input device HDA Intel PCH HDMI/DP,pcm=3 (/dev/input/event12)
[    65.218] (II) No input driver specified, ignoring this device.
[    65.218] (II) This device may have been added with another device file.
[    65.218] (II) config/udev: Adding input device HDA Intel PCH HDMI/DP,pcm=7 (/dev/input/event13)
[    65.218] (II) No input driver specified, ignoring this device.
[    65.218] (II) This device may have been added with another device file.
[    65.218] (II) config/udev: Adding input device HDA Intel PCH HDMI/DP,pcm=8 (/dev/input/event14)
[    65.218] (II) No input driver specified, ignoring this device.
[    65.218] (II) This device may have been added with another device file.
[    65.219] (II) config/udev: Adding input device HDA Intel PCH HDMI/DP,pcm=9 (/dev/input/event15)
[    65.219] (II) No input driver specified, ignoring this device.
[    65.219] (II) This device may have been added with another device file.
[    65.219] (II) config/udev: Adding input device Intel HID events (/dev/input/event6)
[    65.219] (**) Intel HID events: Applying InputClass "libinput keyboard catchall"
[    65.219] (II) Using input driver 'libinput' for 'Intel HID events'
[    65.219] (II) systemd-logind: got fd for /dev/input/event6 13:70 fd 35 paused 0
[    65.219] (**) Intel HID events: always reports core events
[    65.219] (**) Option "Device" "/dev/input/event6"
[    65.220] (II) event6  - Intel HID events: is tagged by udev as: Keyboard
[    65.220] (II) event6  - Intel HID events: device is a keyboard
[    65.220] (II) event6  - Intel HID events: device removed
[    65.220] (**) Option "config_info" "udev:/sys/devices/platform/INTC1070:00/input/input7/event6"
[    65.220] (II) XINPUT: Adding extended input device "Intel HID events" (type: KEYBOARD, id 13)
[    65.220] (II) event6  - Intel HID events: is tagged by udev as: Keyboard
[    65.220] (II) event6  - Intel HID events: device is a keyboard
[    65.221] (II) config/udev: Adding input device AT Translated Set 2 keyboard (/dev/input/event3)
[    65.221] (**) AT Translated Set 2 keyboard: Applying InputClass "libinput keyboard catchall"
[    65.221] (II) Using input driver 'libinput' for 'AT Translated Set 2 keyboard'
[    65.221] (II) systemd-logind: got fd for /dev/input/event3 13:67 fd 36 paused 0
[    65.221] (**) AT Translated Set 2 keyboard: always reports core events
[    65.221] (**) Option "Device" "/dev/input/event3"
[    65.222] (II) event3  - AT Translated Set 2 keyboard: is tagged by udev as: Keyboard
[    65.222] (II) event3  - AT Translated Set 2 keyboard: device is a keyboard
[    65.223] (II) event3  - AT Translated Set 2 keyboard: device removed
[    65.223] (**) Option "config_info" "udev:/sys/devices/platform/i8042/serio0/input/input3/event3"
[    65.223] (II) XINPUT: Adding extended input device "AT Translated Set 2 keyboard" (type: KEYBOARD, id 14)
[    65.223] (II) event3  - AT Translated Set 2 keyboard: is tagged by udev as: Keyboard
[    65.223] (II) event3  - AT Translated Set 2 keyboard: device is a keyboard
[    65.224] (II) config/udev: Adding input device TPPS/2 Elan TrackPoint (/dev/input/event10)
[    65.224] (**) TPPS/2 Elan TrackPoint: Applying InputClass "libinput pointer catchall"
[    65.224] (II) Using input driver 'libinput' for 'TPPS/2 Elan TrackPoint'
[    65.225] (II) systemd-logind: got fd for /dev/input/event10 13:74 fd 37 paused 0
[    65.225] (**) TPPS/2 Elan TrackPoint: always reports core events
[    65.225] (**) Option "Device" "/dev/input/event10"
[    65.225] (II) event10 - TPPS/2 Elan TrackPoint: is tagged by udev as: Mouse Pointingstick
[    65.226] (II) event10 - TPPS/2 Elan TrackPoint: device is a pointer
[    65.226] (II) event10 - TPPS/2 Elan TrackPoint: device removed
[    65.226] (II) libinput: TPPS/2 Elan TrackPoint: Step value 0 was provided, libinput Fallback acceleration function is used.
[    65.226] (II) libinput: TPPS/2 Elan TrackPoint: Step value 0 was provided, libinput Fallback acceleration function is used.
[    65.226] (II) libinput: TPPS/2 Elan TrackPoint: Step value 0 was provided, libinput Fallback acceleration function is used.
[    65.226] (**) Option "config_info" "udev:/sys/devices/platform/i8042/serio1/input/input9/event10"
[    65.226] (II) XINPUT: Adding extended input device "TPPS/2 Elan TrackPoint" (type: MOUSE, id 15)
[    65.226] (**) Option "AccelerationScheme" "none"
[    65.226] (**) TPPS/2 Elan TrackPoint: (accel) selected scheme none/0
[    65.226] (**) TPPS/2 Elan TrackPoint: (accel) acceleration factor: 2.000
[    65.226] (**) TPPS/2 Elan TrackPoint: (accel) acceleration threshold: 4
[    65.227] (II) event10 - TPPS/2 Elan TrackPoint: is tagged by udev as: Mouse Pointingstick
[    65.227] (II) event10 - TPPS/2 Elan TrackPoint: device is a pointer
[    65.228] (II) config/udev: Adding input device TPPS/2 Elan TrackPoint (/dev/input/mouse0)
[    65.228] (II) No input driver specified, ignoring this device.
[    65.228] (II) This device may have been added with another device file.
[    65.228] (II) config/udev: Adding input device PC Speaker (/dev/input/event7)
[    65.228] (II) No input driver specified, ignoring this device.
[    65.228] (II) This device may have been added with another device file.
[    65.230] (II) config/udev: Adding input device ThinkPad Extra Buttons (/dev/input/event4)
[    65.230] (**) ThinkPad Extra Buttons: Applying InputClass "libinput keyboard catchall"
[    65.230] (II) Using input driver 'libinput' for 'ThinkPad Extra Buttons'
[    65.231] (II) systemd-logind: got fd for /dev/input/event4 13:68 fd 38 paused 0
[    65.231] (**) ThinkPad Extra Buttons: always reports core events
[    65.231] (**) Option "Device" "/dev/input/event4"
[    65.231] (II) event4  - ThinkPad Extra Buttons: is tagged by udev as: Keyboard Switch
[    65.231] (II) event4  - ThinkPad Extra Buttons: device is a keyboard
[    65.231] (II) event4  - ThinkPad Extra Buttons: device removed
[    65.231] (**) Option "config_info" "udev:/sys/devices/platform/thinkpad_acpi/input/input4/event4"
[    65.231] (II) XINPUT: Adding extended input device "ThinkPad Extra Buttons" (type: KEYBOARD, id 16)
[    65.232] (II) event4  - ThinkPad Extra Buttons: is tagged by udev as: Keyboard Switch
[    65.232] (II) event4  - ThinkPad Extra Buttons: device is a keyboard
[    67.042] (II) intel(0): EDID vendor "SDC", prod id 16722
[    67.042] (II) intel(0): Printing DDC gathered Modelines:
[    67.042] (II) intel(0): Modeline "2880x1800"x0.0  500.84  2880 2888 2920 2960  1800 1808 1816 1880 +hsync -vsync (169.2 kHz eP)
[    67.042] (II) intel(0): Modeline "2880x1800"x0.0  500.84  2880 2888 2920 2960  1800 1808 1816 2820 +hsync -vsync (169.2 kHz e)
